VALGRIND/ N/A
ERRORS
==27154== ERROR SUMMARY: 15 errors from 11 contexts (suppressed: 8 from 6)

In file included from Calculator.h:134:
Calculator.cpp: At global scope:
Calculator.cpp:7: error: return type specification for constructor invalid
Calculator.cpp: In constructor ‘Calculator::Calculator()’:
Calculator.cpp:8: error: ‘top_’ was not declared in this scope
Calculator.cpp:8: error: ‘NULL’ was not declared in this scope
Calculator.cpp:10: error: ‘max_size_’ was not declared in this scope
Calculator.cpp:11: error: expected type-specifier before ‘T’
Calculator.cpp:11: error: lvalue required as left operand of assignment
Calculator.cpp:11: error: expected ‘;’ before ‘T’
Calculator.cpp: At global scope:
Calculator.cpp:15: error: return type specification for destructor invalid
Calculator.cpp:20: error: prototype for ‘void Calculator::push(char*)’ does not match any in class ‘Calculator’
Calculator.h:70: error: candidate is: void Calculator::push(int)
Calculator.cpp:32: error: prototype for ‘char* Calculator::pop()’ does not match any in class ‘Calculator’
Calculator.h:77: error: candidate is: void Calculator::pop()
Calculator.cpp:45: error: no ‘bool Calculator::isEmpty()’ member function declared in class ‘Calculator’
Calculator.cpp:53: error: no ‘int Calculator::numfind(char*)’ member function declared in class ‘Calculator’
Calculator.cpp:66: error: expected declaration before ‘}’ token

